[    0.000000] Linux version 4.15.0-212-generic (buildd@lcy02-amd64-083) (gcc version 7.5.0 (Ubuntu 7.5.0-3ubuntu1~18.04)) #223-Ubuntu SMP Tue May 23 13:09:22 UTC 2023 (Ubuntu 4.15.0-212.223-generic 4.15.18)
[    0.000000] Command line: BOOT_IMAGE=/boot/vmlinuz-4.15.0-212-generic root=LABEL=cloudimg-rootfs ro console=tty1 console=ttyS0
[    0.000000] KERNEL supported cpus:
[    0.000000]   Intel GenuineIntel
[    0.000000]   AMD AuthenticAMD
[    0.000000]   Centaur CentaurHauls
[    0.000000] x86/fpu: x87 FPU will use FXSAVE
[    0.000000] e820: BIOS-provided physical RAM map:
[    0.000000] BIOS-e820: [mem 0x0000000000000000-0x000000000009fbff] usable
[    0.000000] BIOS-e820: [mem 0x000000000009fc00-0x000000000009ffff] reserved
[    0.000000] BIOS-e820: [mem 0x00000000000f0000-0x00000000000fffff] reserved
[    0.000000] BIOS-e820: [mem 0x0000000000100000-0x000000003ffeffff] usable
[    0.000000] BIOS-e820: [mem 0x000000003fff0000-0x000000003fffffff] ACPI data
[    0.000000] BIOS-e820: [mem 0x00000000fec00000-0x00000000fec00fff] reserved
[    0.000000] BIOS-e820: [mem 0x00000000fee00000-0x00000000fee00fff] reserved
[    0.000000] BIOS-e820: [mem 0x00000000fffc0000-0x00000000ffffffff] reserved
[    0.000000] NX (Execute Disable) protection: active
[    0.000000] SMBIOS 2.5 present.
[    0.000000] DMI: innotek GmbH VirtualBox/VirtualBox, BIOS VirtualBox 12/01/2006
[    0.000000] Hypervisor detected: KVM
[    0.000000] e820: last_pfn = 0x3fff0 max_arch_pfn = 0x400000000
[    0.000000] MTRR: Disabled
[    0.000000] x86/PAT: MTRRs disabled, skipping PAT initialization too.
[    0.000000] CPU MTRRs all blank - virtualized system.
[    0.000000] x86/PAT: Configuration [0-7]: WB  WT  UC- UC  WB  WT  UC- UC  
[    0.000000] found SMP MP-table at [mem 0x0009fff0-0x0009ffff]
[    0.000000] Scanning 1 areas for low memory corruption
[    0.000000] RAMDISK: [mem 0x359cb000-0x36cdcfff]
[    0.000000] ACPI: Early table checksum verification disabled
[    0.000000] ACPI: RSDP 0x00000000000E0000 000024 (v02 VBOX  )
[    0.000000] ACPI: XSDT 0x000000003FFF0030 00003C (v01 VBOX   VBOXXSDT 00000001 ASL  00000061)
[    0.000000] ACPI: FACP 0x000000003FFF00F0 0000F4 (v04 VBOX   VBOXFACP 00000001 ASL  00000061)
[    0.000000] ACPI: DSDT 0x000000003FFF0610 002353 (v02 VBOX   VBOXBIOS 00000002 INTL 20100528)
[    0.000000] ACPI: FACS 0x000000003FFF0200 000040
[    0.000000] ACPI: FACS 0x000000003FFF0200 000040
[    0.000000] ACPI: APIC 0x000000003FFF0240 00005C (v02 VBOX   VBOXAPIC 00000001 ASL  00000061)
[    0.000000] ACPI: SSDT 0x000000003FFF02A0 00036C (v01 VBOX   VBOXCPUT 00000002 INTL 20100528)
[    0.000000] ACPI: Reserving FACP table memory at [mem 0x3fff00f0-0x3fff01e3]
[    0.000000] ACPI: Reserving DSDT table memory at [mem 0x3fff0610-0x3fff2962]
[    0.000000] ACPI: Reserving FACS table memory at [mem 0x3fff0200-0x3fff023f]
[    0.000000] ACPI: Reserving FACS table memory at [mem 0x3fff0200-0x3fff023f]
[    0.000000] ACPI: Reserving APIC table memory at [mem 0x3fff0240-0x3fff029b]
[    0.000000] ACPI: Reserving SSDT table memory at [mem 0x3fff02a0-0x3fff060b]
[    0.000000] No NUMA configuration found
[    0.000000] Faking a node at [mem 0x0000000000000000-0x000000003ffeffff]
[    0.000000] NODE_DATA(0) allocated [mem 0x3ffc5000-0x3ffeffff]
[    0.000000] kvm-clock: cpu 0, msr 0:3ff44001, primary cpu clock
[    0.000000] kvm-clock: Using msrs 4b564d01 and 4b564d00
[    0.000000] kvm-clock: using sched offset of 4172863702 cycles
[    0.000000] clocksource: kvm-clock: mask: 0xffffffffffffffff max_cycles: 0x1cd42e4dffb, max_idle_ns: 881590591483 ns
[    0.000000] Zone ranges:
[    0.000000]   DMA      [mem 0x0000000000001000-0x0000000000ffffff]
[    0.000000]   DMA32    [mem 0x0000000001000000-0x000000003ffeffff]
[    0.000000]   Normal   empty
[    0.000000]   Device   empty
[    0.000000] Movable zone start for each node
[    0.000000] Early memory node ranges
[    0.000000]   node   0: [mem 0x0000000000001000-0x000000000009efff]
[    0.000000]   node   0: [mem 0x0000000000100000-0x000000003ffeffff]
[    0.000000] Reserved but unavailable: 104 pages
[    0.000000] Initmem setup node 0 [mem 0x0000000000001000-0x000000003ffeffff]
[    0.000000] ACPI: PM-Timer IO Port: 0x4008
[    0.000000] IOAPIC[0]: apic_id 2, version 32, address 0xfec00000, GSI 0-23
[    0.000000] ACPI: INT_SRC_OVR (bus 0 bus_irq 0 global_irq 2 dfl dfl)
[    0.000000] ACPI: INT_SRC_OVR (bus 0 bus_irq 9 global_irq 9 low level)
[    0.000000] Using ACPI (MADT) for SMP configuration information
[    0.000000] smpboot: Allowing 2 CPUs, 0 hotplug CPUs
[    0.000000] PM: Registered nosave memory: [mem 0x00000000-0x00000fff]
[    0.000000] PM: Registered nosave memory: [mem 0x0009f000-0x0009ffff]
[    0.000000] PM: Registered nosave memory: [mem 0x000a0000-0x000effff]
[    0.000000] PM: Registered nosave memory: [mem 0x000f0000-0x000fffff]
[    0.000000] e820: [mem 0x40000000-0xfebfffff] available for PCI devices
[    0.000000] Booting paravirtualized kernel on KVM
[    0.000000] clocksource: refined-jiffies: mask: 0xffffffff max_cycles: 0xffffffff, max_idle_ns: 7645519600211568 ns
[    0.000000] setup_percpu: NR_CPUS:8192 nr_cpumask_bits:2 nr_cpu_ids:2 nr_node_ids:1
[    0.000000] percpu: Embedded 50 pages/cpu s167936 r8192 d28672 u1048576
[    0.000000] PV qspinlock hash table entries: 256 (order: 0, 4096 bytes)
[    0.000000] Built 1 zonelists, mobility grouping on.  Total pages: 257913
[    0.000000] Policy zone: DMA32
[    0.000000] Kernel command line: BOOT_IMAGE=/boot/vmlinuz-4.15.0-212-generic root=LABEL=cloudimg-rootfs ro console=tty1 console=ttyS0
[    0.000000] Memory: 982644K/1048120K available (12300K kernel code, 2477K rwdata, 4324K rodata, 2480K init, 2720K bss, 65476K reserved, 0K cma-reserved)
[    0.000000] SLUB: HWalign=64, Order=0-3, MinObjects=0, CPUs=2, Nodes=1
[    0.000000] Kernel/User page tables isolation: enabled
[    0.000000] ftrace: allocating 39508 entries in 155 pages
[    0.004000] Hierarchical RCU implementation.
[    0.004000] 	RCU restricting CPUs from NR_CPUS=8192 to nr_cpu_ids=2.
[    0.004000] 	Tasks RCU enabled.
[    0.004000] RCU: Adjusting geometry for rcu_fanout_leaf=16, nr_cpu_ids=2
[    0.004000] NR_IRQS: 524544, nr_irqs: 440, preallocated irqs: 16
[    0.004000] random: crng init done
[    0.004000] Console: colour VGA+ 80x25
[    0.004000] console [tty1] enabled
[    0.004000] console [ttyS0] enabled
[    0.004000] ACPI: Core revision 20170831
[    0.004000] ACPI: 2 ACPI AML tables successfully acquired and loaded
[    0.004000] APIC: Switch to symmetric I/O mode setup
[    0.004000] ..TIMER: vector=0x30 apic1=0 pin1=2 apic2=-1 pin2=-1
[    0.004000] tsc: Detected 2400.006 MHz processor
[    0.004000] Calibrating delay loop (skipped) preset value.. 4800.01 BogoMIPS (lpj=9600024)
[    0.004006] pid_max: default: 32768 minimum: 301
[    0.008107] Security Framework initialized
[    0.012004] Yama: becoming mindful.
[    0.016129] AppArmor: AppArmor initialized
[    0.029951] Dentry cache hash table entries: 131072 (order: 8, 1048576 bytes)
[    0.038718] Inode-cache hash table entries: 65536 (order: 7, 524288 bytes)
[    0.040115] Mount-cache hash table entries: 2048 (order: 2, 16384 bytes)
[    0.044108] Mountpoint-cache hash table entries: 2048 (order: 2, 16384 bytes)
[    0.052037] Last level iTLB entries: 4KB 64, 2MB 8, 4MB 8
[    0.056007] Last level dTLB entries: 4KB 64, 2MB 0, 4MB 0, 1GB 4
[    0.060006] Spectre V1 : Mitigation: usercopy/swapgs barriers and __user pointer sanitization
[    0.064005] Spectre V2 : Mitigation: Retpolines
[    0.068004] Spectre V2 : Spectre v2 / SpectreRSB mitigation: Filling RSB on context switch
[    0.072006] Spectre V2 : Spectre v2 / SpectreRSB : Filling RSB on VMEXIT
[    0.076003] RETBleed: WARNING: Spectre v2 mitigation leaves CPU vulnerable to RETBleed attacks, data leaks possible!
[    0.080005] RETBleed: Vulnerable
[    0.084004] Speculative Store Bypass: Vulnerable
[    0.088098] MDS: Mitigation: Clear CPU buffers
[    0.092002] MMIO Stale Data: Mitigation: Clear CPU buffers
[    0.096004] SRBDS: Unknown: Dependent on hypervisor status
[    0.100178] Freeing SMP alternatives memory: 36K
[    0.217308] smpboot: CPU0: Intel(R) Core(TM) i5-9300H CPU @ 2.40GHz (family: 0x6, model: 0x9e, stepping: 0xa)
[    0.220550] Performance Events: unsupported p6 CPU model 158 no PMU driver, software events only.
[    0.224118] Hierarchical SRCU implementation.
[    0.228921] NMI watchdog: Perf event create on CPU 0 failed with -2
[    0.232002] NMI watchdog: Perf NMI watchdog permanently disabled
[    0.236408] smp: Bringing up secondary CPUs ...
[    0.245253] x86: Booting SMP configuration:
[    0.248097] .... node  #0, CPUs:      #1
[    0.004000] kvm-clock: cpu 1, msr 0:3ff44041, secondary cpu clock
[    0.264000] TSC synchronization [CPU#0 -> CPU#1]:
[    0.264000] Measured 45859 cycles TSC warp between CPUs, turning off TSC clock.
[    0.264000] tsc: Marking TSC unstable due to check_tsc_sync_source failed
[    0.268345] smp: Brought up 1 node, 2 CPUs
[    0.272006] smpboot: Max logical packages: 1
[    0.276004] smpboot: Total of 2 processors activated (9600.02 BogoMIPS)
[    0.284799] devtmpfs: initialized
[    0.288135] x86/mm: Memory block size: 128MB
[    0.292529] evm: security.selinux
[    0.296002] evm: security.SMACK64
[    0.300003] evm: security.SMACK64EXEC
[    0.304005] evm: security.SMACK64TRANSMUTE
[    0.308005] evm: security.SMACK64MMAP
[    0.312009] evm: security.apparmor
[    0.320006] evm: security.ima
[    0.323413] evm: security.capability
[    0.328315] clocksource: jiffies: mask: 0xffffffff max_cycles: 0xffffffff, max_idle_ns: 7645041785100000 ns
[    0.332025] futex hash table entries: 512 (order: 3, 32768 bytes)
[    0.336279] pinctrl core: initialized pinctrl subsystem
[    0.340711] RTC time:  2:19:59, date: 08/05/24
[    0.345586] NET: Registered protocol family 16
[    0.352166] audit: initializing netlink subsys (disabled)
[    0.360007] audit: type=2000 audit(1722824404.730:1): state=initialized audit_enabled=0 res=1
[    0.376012] cpuidle: using governor ladder
[    0.380017] cpuidle: using governor menu
[    0.384117] ACPI: bus type PCI registered
[    0.388006] acpiphp: ACPI Hot Plug PCI Controller Driver version: 0.5
[    0.392698] PCI: Using configuration type 1 for base access
[    0.400602] HugeTLB registered 2.00 MiB page size, pre-allocated 0 pages
[    0.412434] ACPI: Added _OSI(Module Device)
[    0.416007] ACPI: Added _OSI(Processor Device)
[    0.420003] ACPI: Added _OSI(3.0 _SCP Extensions)
[    0.424006] ACPI: Added _OSI(Processor Aggregator Device)
[    0.428009] ACPI: Added _OSI(Linux-Dell-Video)
[    0.432005] ACPI: Added _OSI(Linux-Lenovo-NV-HDMI-Audio)
[    0.436006] ACPI: Added _OSI(Linux-HPI-Hybrid-Graphics)
[    0.444378] ACPI: Executed 1 blocks of module-level executable AML code
[    0.456646] ACPI: Interpreter enabled
[    0.460024] ACPI: (supports S0 S5)
[    0.464005] ACPI: Using IOAPIC for interrupt routing
[    0.468524] PCI: Using host bridge windows from ACPI; if necessary, use "pci=nocrs" and report a bug
[    0.472355] ACPI: Enabled 2 GPEs in block 00 to 07
[    0.491240] ACPI: PCI Root Bridge [PCI0] (domain 0000 [bus 00-ff])
[    0.492008] acpi PNP0A03:00: _OSC: OS supports [ASPM ClockPM Segments MSI]
[    0.500657] acpi PNP0A03:00: _OSC: not requesting OS control; OS requires [ExtendedConfig ASPM ClockPM MSI]
[    0.504019] acpi PNP0A03:00: fail to add MMCONFIG information, can't access extended PCI configuration space under this bridge.
[    0.508940] PCI host bridge to bus 0000:00
[    0.512004] pci_bus 0000:00: root bus resource [io  0x0000-0x0cf7 window]
[    0.516005] pci_bus 0000:00: root bus resource [io  0x0d00-0xffff window]
[    0.520005] pci_bus 0000:00: root bus resource [mem 0x000a0000-0x000bffff window]
[    0.524005] pci_bus 0000:00: root bus resource [mem 0x40000000-0xfdffffff window]
[    0.528005] pci_bus 0000:00: root bus resource [bus 00-ff]
[    0.544045] pci 0000:00:01.1: legacy IDE quirk: reg 0x10: [io  0x01f0-0x01f7]
[    0.548007] pci 0000:00:01.1: legacy IDE quirk: reg 0x14: [io  0x03f6]
[    0.552007] pci 0000:00:01.1: legacy IDE quirk: reg 0x18: [io  0x0170-0x0177]
[    0.556004] pci 0000:00:01.1: legacy IDE quirk: reg 0x1c: [io  0x0376]
[    0.591349] pci 0000:00:07.0: quirk: [io  0x4000-0x403f] claimed by PIIX4 ACPI
[    0.592047] pci 0000:00:07.0: quirk: [io  0x4100-0x410f] claimed by PIIX4 SMB
[    0.610554] ACPI: PCI Interrupt Link [LNKA] (IRQs 5 9 10 *11)
[    0.612577] ACPI: PCI Interrupt Link [LNKB] (IRQs 5 9 *10 11)
[    0.616243] ACPI: PCI Interrupt Link [LNKC] (IRQs 5 *9 10 11)
[    0.620220] ACPI: PCI Interrupt Link [LNKD] (IRQs 5 9 10 *11)
[    0.624876] SCSI subsystem initialized
[    0.628265] pci 0000:00:02.0: vgaarb: setting as boot VGA device
[    0.632000] pci 0000:00:02.0: vgaarb: VGA device added: decodes=io+mem,owns=io+mem,locks=none
[    0.632007] pci 0000:00:02.0: vgaarb: bridge control possible
[    0.636002] vgaarb: loaded
[    0.640112] ACPI: bus type USB registered
[    0.644018] usbcore: registered new interface driver usbfs
[    0.648044] usbcore: registered new interface driver hub
[    0.652011] usbcore: registered new device driver usb
[    0.656276] EDAC MC: Ver: 3.0.0
[    0.665442] PCI: Using ACPI for IRQ routing
[    0.672339] NetLabel: Initializing
[    0.676002] NetLabel:  domain hash size = 128
[    0.680002] NetLabel:  protocols = UNLABELED CIPSOv4 CALIPSO
[    0.684019] NetLabel:  unlabeled traffic allowed by default
[    0.688391] clocksource: Switched to clocksource kvm-clock
[    0.713759] VFS: Disk quotas dquot_6.6.0
[    0.713759] VFS: Dquot-cache hash table entries: 512 (order 0, 4096 bytes)
[    0.713759] AppArmor: AppArmor Filesystem Enabled
[    0.713759] pnp: PnP ACPI init
[    0.713759] pnp: PnP ACPI: found 3 devices
[    0.819162] clocksource: acpi_pm: mask: 0xffffff max_cycles: 0xffffff, max_idle_ns: 2085701024 ns
[    0.820585] NET: Registered protocol family 2
[    0.820585] IP idents hash table entries: 16384 (order: 5, 131072 bytes)
[    0.840559] TCP established hash table entries: 8192 (order: 4, 65536 bytes)
[    0.849516] TCP bind hash table entries: 8192 (order: 5, 131072 bytes)
[    0.858103] TCP: Hash tables configured (established 8192 bind 8192)
[    0.861355] UDP hash table entries: 512 (order: 2, 16384 bytes)
[    0.861355] UDP-Lite hash table entries: 512 (order: 2, 16384 bytes)
[    0.861355] NET: Registered protocol family 1
[    0.861355] pci 0000:00:00.0: Limiting direct PCI/PCI transfers
[    0.861355] pci 0000:00:01.0: Activating ISA DMA hang workarounds
[    0.861355] pci 0000:00:02.0: Video device with shadowed ROM at [mem 0x000c0000-0x000dffff]
[    0.861355] Unpacking initramfs...
[    1.273852] Freeing initrd memory: 19528K
[    1.273852] clocksource: tsc: mask: 0xffffffffffffffff max_cycles: 0x22983d4fda2, max_idle_ns: 440795302975 ns
[    1.273852] platform rtc_cmos: registered platform RTC device (no PNP device found)
[    1.273852] Scanning for low memory corruption every 60 seconds
[    1.511937] Initialise system trusted keyrings
[    1.522032] Key type blacklist registered
[    1.531620] workingset: timestamp_bits=36 max_order=18 bucket_order=0
[    1.541986] zbud: loaded
[    1.547443] squashfs: version 4.0 (2009/01/31) Phillip Lougher
[    1.555760] fuse init (API version 7.26)
[    1.591555] Key type asymmetric registered
[    1.597724] Asymmetric key parser 'x509' registered
[    1.604607] Block layer SCSI generic (bsg) driver version 0.4 loaded (major 246)
[    1.614456] io scheduler noop registered
[    1.619437] io scheduler deadline registered
[    1.624835] io scheduler cfq registered (default)
[    1.632734] ACPI: AC Adapter [AC] (on-line)
[    1.638416] input: Power Button as /devices/LNXSYSTM:00/LNXPWRBN:00/input/input0
[    1.646749] ACPI: Power Button [PWRF]
[    1.651532] input: Sleep Button as /devices/LNXSYSTM:00/LNXSLPBN:00/input/input1
[    1.662482] ACPI: Sleep Button [SLPF]
[    1.670037] Serial: 8250/16550 driver, 32 ports, IRQ sharing enabled
[    1.672827] ACPI: Battery Slot [BAT0] (battery present)
[    1.713429] 00:02: ttyS0 at I/O 0x3f8 (irq = 4, base_baud = 115200) is a 16550A
[    1.726611] Linux agpgart interface v0.103
[    1.738136] loop: module loaded
[    1.748921] scsi host0: ata_piix
[    1.754547] scsi host1: ata_piix
[    1.758954] ata1: PATA max UDMA/33 cmd 0x1f0 ctl 0x3f6 bmdma 0xd000 irq 14
[    1.766205] ata2: PATA max UDMA/33 cmd 0x170 ctl 0x376 bmdma 0xd008 irq 15
[    1.773968] tun: Universal TUN/TAP device driver, 1.6
[    1.780823] PPP generic driver version 2.4.2
[    1.787331] ehci_hcd: USB 2.0 'Enhanced' Host Controller (EHCI) Driver
[    1.797955] ehci-pci: EHCI PCI platform driver
[    1.805207] ehci-platform: EHCI generic platform driver
[    1.811778] ohci_hcd: USB 1.1 'Open' Host Controller (OHCI) Driver
[    1.819711] ohci-pci: OHCI PCI platform driver
[    1.825593] ohci-platform: OHCI generic platform driver
[    1.831970] uhci_hcd: USB Universal Host Controller Interface driver
[    1.840199] i8042: PNP: PS/2 Controller [PNP0303:PS2K,PNP0f03:PS2M] at 0x60,0x64 irq 1,12
[    1.855418] serio: i8042 KBD port at 0x60,0x64 irq 1
[    1.862123] serio: i8042 AUX port at 0x60,0x64 irq 12
[    1.868564] mousedev: PS/2 mouse device common for all mice
[    1.878262] input: AT Translated Set 2 keyboard as /devices/platform/i8042/serio0/input/input2
[    1.878830] rtc_cmos rtc_cmos: rtc core: registered rtc_cmos as rtc0
[    1.900334] rtc_cmos rtc_cmos: alarms up to one day, 114 bytes nvram
[    1.907876] i2c /dev entries driver
[    1.911797] device-mapper: uevent: version 1.0.3
[    1.920532] device-mapper: ioctl: 4.37.0-ioctl (2017-09-20) initialised: dm-devel@redhat.com
[    1.931156] ledtrig-cpu: registered to indicate activity on CPUs
[    2.013560] NET: Registered protocol family 10
[    2.035103] Segment Routing with IPv6
[    2.041108] NET: Registered protocol family 17
[    2.047002] Key type dns_resolver registered
[    2.053323] mce: Using 0 MCE banks
[    2.058477] RAS: Correctable Errors collector initialized.
[    2.065611] sched_clock: Marking stable (2065549916, 0)->(3101152630, -1035602714)
[    2.078234] registered taskstats version 1
[    2.084545] Loading compiled-in X.509 certificates
[    2.098484] Loaded X.509 cert 'Build time autogenerated kernel key: b5b26778eaa3ab3a4a6cee031137706e947d12ad'
[    2.112351] Loaded X.509 cert 'Canonical Ltd. Live Patch Signing: 14df34d1a87cf37625abec039ef2bf521249b969'
[    2.122956] Loaded X.509 cert 'Canonical Ltd. Kernel Module Signing: 88f752e560a1e0737e31163a466ad7b70a850c19'
[    2.134000] blacklist: Loading compiled-in revocation X.509 certificates
[    2.141160] Loaded X.509 cert 'Canonical Ltd. Secure Boot Signing: 61482aa2830d0ab2ad5af10b7250da9033ddcef0'
[    2.152000] Loaded X.509 cert 'Canonical Ltd. Secure Boot Signing (2017): 242ade75ac4a15e50d50c84b0d45ff3eae707a03'
[    2.163873] Loaded X.509 cert 'Canonical Ltd. Secure Boot Signing (ESM 2018): 365188c1d374d6b07c3c8f240f8ef722433d6a8b'
[    2.180040] Loaded X.509 cert 'Canonical Ltd. Secure Boot Signing (2019): c0746fd6c5da3ae827864651ad66ae47fe24b3e8'
[    2.194918] Loaded X.509 cert 'Canonical Ltd. Secure Boot Signing (2021 v1): a8d54bbb3825cfb94fa13c9f8a594a195c107b8d'
[    2.208888] Loaded X.509 cert 'Canonical Ltd. Secure Boot Signing (2021 v2): 4cf046892d6fd3c9a5b03f98d845f90851dc6a8c'
[    2.222333] Loaded X.509 cert 'Canonical Ltd. Secure Boot Signing (2021 v3): 100437bb6de6e469b581e61cd66bce3ef4ed53af'
[    2.235902] Loaded X.509 cert 'Canonical Ltd. Secure Boot Signing (Ubuntu Core 2019): c1d57b8f6b743f23ee41f4f7ee292f06eecadfb9'
[    2.250007] zswap: loaded using pool lzo/zbud
[    2.274226] Key type big_key registered
[    2.279177] Key type trusted registered
[    2.290286] Key type encrypted registered
[    2.295935] AppArmor: AppArmor sha1 policy hashing enabled
[    2.303627] ima: No TPM chip found, activating TPM-bypass! (rc=-19)
[    2.311488] ima: Allocated hash algorithm: sha1
[    2.318199] evm: HMAC attrs: 0x1
[    2.323813]   Magic number: 4:866:307
[    2.329425] tty tty36: hash matches
[    2.336997] rtc_cmos rtc_cmos: setting system clock to 2024-08-05 02:20:01 UTC (1722824401)
[    2.347809] BIOS EDD facility v0.16 2004-Jun-25, 0 devices found
[    2.356212] EDD information not available.
[    2.366799] Freeing unused kernel image memory: 2480K
[    2.388162] Write protecting the kernel read-only data: 20480k
[    2.396740] Freeing unused kernel image memory: 2008K
[    2.404740] Freeing unused kernel image memory: 1820K
[    2.420165] x86/mm: Checked W+X mappings: passed, no W+X pages found.
[    2.429072] x86/mm: Checking user space page tables
[    2.445005] x86/mm: Checked W+X mappings: passed, no W+X pages found.
Loading, please wait...
starting version 237
[    2.608830] Fusion MPT base driver 3.04.20
[    2.614401] Copyright (c) 1999-2008 LSI Corporation
[    2.641371] e1000: Intel(R) PRO/1000 Network Driver - version 7.3.21-k8-NAPI
[    2.651684] e1000: Copyright (c) 1999-2006 Intel Corporation.
[    2.669887] SSE version of gcm_enc/dec engaged.
[    2.694459] Fusion MPT SPI Host driver 3.04.20
[    3.183819] input: ImExPS/2 Generic Explorer Mouse as /devices/platform/i8042/serio1/input/input4
[    3.815809] e1000 0000:00:03.0 eth0: (PCI:33MHz:32-bit) 02:3b:7b:b7:3b:2d
[    3.821978] e1000 0000:00:03.0 eth0: Intel(R) PRO/1000 Network Connection
[    4.838239] e1000 0000:00:08.0 eth1: (PCI:33MHz:32-bit) 08:00:27:38:16:39
[    4.844002] e1000 0000:00:08.0 eth1: Intel(R) PRO/1000 Network Connection
[    4.854395] e1000 0000:00:08.0 enp0s8: renamed from eth1
[    4.862013] mptbase: ioc0: Initiating bringup
[    4.872378] e1000 0000:00:03.0 enp0s3: renamed from eth0
